mode: set
github.com/taufiqDatau/core-banking/util/error.go:3.33,5.2 1 0
github.com/taufiqDatau/core-banking/util/random.go:9.38,13.2 3 0
github.com/taufiqDatau/core-banking/util/random.go:15.45,22.2 4 0
github.com/taufiqDatau/core-banking/util/random.go:27.38,32.24 4 0
github.com/taufiqDatau/core-banking/util/random.go:32.24,34.3 1 0
github.com/taufiqDatau/core-banking/util/random.go:35.2,35.23 1 0
github.com/taufiqDatau/core-banking/db/sqlc/account.sql.go:24.112,34.2 4 1
github.com/taufiqDatau/core-banking/db/sqlc/account.sql.go:52.96,62.2 4 1
github.com/taufiqDatau/core-banking/db/sqlc/account.sql.go:70.81,80.2 4 1
github.com/taufiqDatau/core-banking/db/sqlc/account.sql.go:88.82,98.2 4 1
github.com/taufiqDatau/core-banking/db/sqlc/account.sql.go:107.91,117.2 4 0
github.com/taufiqDatau/core-banking/db/sqlc/account.sql.go:125.90,135.2 4 1
github.com/taufiqDatau/core-banking/db/sqlc/account.sql.go:142.87,144.16 2 1
github.com/taufiqDatau/core-banking/db/sqlc/account.sql.go:144.16,146.3 1 0
github.com/taufiqDatau/core-banking/db/sqlc/account.sql.go:147.2,149.18 3 1
github.com/taufiqDatau/core-banking/db/sqlc/account.sql.go:149.18,156.17 2 1
github.com/taufiqDatau/core-banking/db/sqlc/account.sql.go:156.17,158.4 1 0
github.com/taufiqDatau/core-banking/db/sqlc/account.sql.go:159.3,159.27 1 1
github.com/taufiqDatau/core-banking/db/sqlc/account.sql.go:161.2,161.37 1 1
github.com/taufiqDatau/core-banking/db/sqlc/account.sql.go:161.37,163.3 1 0
github.com/taufiqDatau/core-banking/db/sqlc/account.sql.go:164.2,164.35 1 1
github.com/taufiqDatau/core-banking/db/sqlc/account.sql.go:164.35,166.3 1 0
github.com/taufiqDatau/core-banking/db/sqlc/account.sql.go:167.2,167.19 1 1
github.com/taufiqDatau/core-banking/db/sqlc/account.sql.go:182.116,184.16 2 1
github.com/taufiqDatau/core-banking/db/sqlc/account.sql.go:184.16,186.3 1 0
github.com/taufiqDatau/core-banking/db/sqlc/account.sql.go:187.2,189.18 3 1
github.com/taufiqDatau/core-banking/db/sqlc/account.sql.go:189.18,196.17 2 1
github.com/taufiqDatau/core-banking/db/sqlc/account.sql.go:196.17,198.4 1 0
github.com/taufiqDatau/core-banking/db/sqlc/account.sql.go:199.3,199.27 1 1
github.com/taufiqDatau/core-banking/db/sqlc/account.sql.go:201.2,201.37 1 1
github.com/taufiqDatau/core-banking/db/sqlc/account.sql.go:201.37,203.3 1 0
github.com/taufiqDatau/core-banking/db/sqlc/account.sql.go:204.2,204.35 1 1
github.com/taufiqDatau/core-banking/db/sqlc/account.sql.go:204.35,206.3 1 0
github.com/taufiqDatau/core-banking/db/sqlc/account.sql.go:207.2,207.19 1 1
github.com/taufiqDatau/core-banking/db/sqlc/account.sql.go:222.118,232.2 4 1
github.com/taufiqDatau/core-banking/db/sqlc/db.go:19.28,21.2 1 1
github.com/taufiqDatau/core-banking/db/sqlc/db.go:27.47,31.2 1 0
github.com/taufiqDatau/core-banking/db/sqlc/entry.sql.go:19.81,29.2 4 1
github.com/taufiqDatau/core-banking/db/sqlc/entry.sql.go:47.112,54.16 2 0
github.com/taufiqDatau/core-banking/db/sqlc/entry.sql.go:54.16,56.3 1 0
github.com/taufiqDatau/core-banking/db/sqlc/entry.sql.go:57.2,59.18 3 0
github.com/taufiqDatau/core-banking/db/sqlc/entry.sql.go:59.18,66.17 2 0
github.com/taufiqDatau/core-banking/db/sqlc/entry.sql.go:66.17,68.4 1 0
github.com/taufiqDatau/core-banking/db/sqlc/entry.sql.go:69.3,69.27 1 0
github.com/taufiqDatau/core-banking/db/sqlc/entry.sql.go:71.2,71.37 1 0
github.com/taufiqDatau/core-banking/db/sqlc/entry.sql.go:71.37,73.3 1 0
github.com/taufiqDatau/core-banking/db/sqlc/entry.sql.go:74.2,74.35 1 0
github.com/taufiqDatau/core-banking/db/sqlc/entry.sql.go:74.35,76.3 1 0
github.com/taufiqDatau/core-banking/db/sqlc/entry.sql.go:77.2,77.19 1 0
github.com/taufiqDatau/core-banking/db/sqlc/entry.sql.go:96.96,106.2 4 1
github.com/taufiqDatau/core-banking/db/sqlc/entry.sql.go:120.90,130.2 4 0
github.com/taufiqDatau/core-banking/db/sqlc/store.go:16.34,21.2 1 1
github.com/taufiqDatau/core-banking/db/sqlc/store.go:25.80,27.16 2 1
github.com/taufiqDatau/core-banking/db/sqlc/store.go:27.16,29.3 1 0
github.com/taufiqDatau/core-banking/db/sqlc/store.go:31.2,35.16 3 1
github.com/taufiqDatau/core-banking/db/sqlc/store.go:35.16,36.47 1 0
github.com/taufiqDatau/core-banking/db/sqlc/store.go:36.47,38.4 1 0
github.com/taufiqDatau/core-banking/db/sqlc/store.go:39.3,39.13 1 0
github.com/taufiqDatau/core-banking/db/sqlc/store.go:42.2,42.20 1 1
github.com/taufiqDatau/core-banking/db/sqlc/store.go:58.101,62.50 2 1
github.com/taufiqDatau/core-banking/db/sqlc/store.go:62.50,70.20 3 1
github.com/taufiqDatau/core-banking/db/sqlc/store.go:70.20,72.4 1 0
github.com/taufiqDatau/core-banking/db/sqlc/store.go:74.3,81.20 2 1
github.com/taufiqDatau/core-banking/db/sqlc/store.go:81.20,83.4 1 0
github.com/taufiqDatau/core-banking/db/sqlc/store.go:85.3,90.20 2 1
github.com/taufiqDatau/core-banking/db/sqlc/store.go:90.20,92.4 1 0
github.com/taufiqDatau/core-banking/db/sqlc/store.go:94.3,99.20 2 1
github.com/taufiqDatau/core-banking/db/sqlc/store.go:99.20,101.4 1 0
github.com/taufiqDatau/core-banking/db/sqlc/store.go:103.3,104.20 2 1
github.com/taufiqDatau/core-banking/db/sqlc/store.go:104.20,106.4 1 0
github.com/taufiqDatau/core-banking/db/sqlc/store.go:108.3,109.13 2 1
github.com/taufiqDatau/core-banking/db/sqlc/store.go:112.2,112.16 1 1
github.com/taufiqDatau/core-banking/db/sqlc/store.go:112.16,115.3 2 0
github.com/taufiqDatau/core-banking/db/sqlc/store.go:117.2,117.20 1 1
github.com/taufiqDatau/core-banking/db/sqlc/store.go:120.147,128.16 4 1
github.com/taufiqDatau/core-banking/db/sqlc/store.go:128.16,130.3 1 0
github.com/taufiqDatau/core-banking/db/sqlc/store.go:132.2,137.16 2 1
github.com/taufiqDatau/core-banking/db/sqlc/store.go:137.16,139.3 1 0
github.com/taufiqDatau/core-banking/db/sqlc/store.go:141.2,141.30 1 1
github.com/taufiqDatau/core-banking/db/sqlc/transfer.sql.go:19.87,30.2 4 0
github.com/taufiqDatau/core-banking/db/sqlc/transfer.sql.go:38.86,49.2 4 1
github.com/taufiqDatau/core-banking/db/sqlc/transfer.sql.go:67.119,74.16 2 0
github.com/taufiqDatau/core-banking/db/sqlc/transfer.sql.go:74.16,76.3 1 0
github.com/taufiqDatau/core-banking/db/sqlc/transfer.sql.go:77.2,79.18 3 0
github.com/taufiqDatau/core-banking/db/sqlc/transfer.sql.go:79.18,87.17 2 0
github.com/taufiqDatau/core-banking/db/sqlc/transfer.sql.go:87.17,89.4 1 0
github.com/taufiqDatau/core-banking/db/sqlc/transfer.sql.go:90.3,90.27 1 0
github.com/taufiqDatau/core-banking/db/sqlc/transfer.sql.go:92.2,92.37 1 0
github.com/taufiqDatau/core-banking/db/sqlc/transfer.sql.go:92.37,94.3 1 0
github.com/taufiqDatau/core-banking/db/sqlc/transfer.sql.go:95.2,95.35 1 0
github.com/taufiqDatau/core-banking/db/sqlc/transfer.sql.go:95.35,97.3 1 0
github.com/taufiqDatau/core-banking/db/sqlc/transfer.sql.go:98.2,98.19 1 0
github.com/taufiqDatau/core-banking/db/sqlc/transfer.sql.go:120.105,131.2 4 1
github.com/taufiqDatau/core-banking/db/sqlc/transfer.sql.go:145.111,156.2 4 0
github.com/taufiqDatau/core-banking/util/error.go:3.33,5.2 1 0
github.com/taufiqDatau/core-banking/util/random.go:9.38,13.2 3 0
github.com/taufiqDatau/core-banking/util/random.go:15.45,22.2 4 1
github.com/taufiqDatau/core-banking/util/random.go:27.38,32.24 4 1
github.com/taufiqDatau/core-banking/util/random.go:32.24,34.3 1 1
github.com/taufiqDatau/core-banking/util/random.go:35.2,35.23 1 1
