mode: set
github.com/taufiqDatau/core-banking/util/random.go:9.38,13.2 3 0
github.com/taufiqDatau/core-banking/util/random.go:15.45,22.2 4 0
github.com/taufiqDatau/core-banking/util/random.go:27.38,32.24 4 0
github.com/taufiqDatau/core-banking/util/random.go:32.24,34.3 1 0
github.com/taufiqDatau/core-banking/util/random.go:35.2,35.23 1 0
github.com/taufiqDatau/core-banking/db/sqlc/account.sql.go:28.96,38.2 4 1
github.com/taufiqDatau/core-banking/db/sqlc/account.sql.go:46.81,56.2 4 1
github.com/taufiqDatau/core-banking/db/sqlc/account.sql.go:64.82,74.2 4 1
github.com/taufiqDatau/core-banking/db/sqlc/account.sql.go:82.90,92.2 4 0
github.com/taufiqDatau/core-banking/db/sqlc/account.sql.go:99.87,101.16 2 1
github.com/taufiqDatau/core-banking/db/sqlc/account.sql.go:101.16,103.3 1 0
github.com/taufiqDatau/core-banking/db/sqlc/account.sql.go:104.2,106.18 3 1
github.com/taufiqDatau/core-banking/db/sqlc/account.sql.go:106.18,113.17 2 1
github.com/taufiqDatau/core-banking/db/sqlc/account.sql.go:113.17,115.4 1 0
github.com/taufiqDatau/core-banking/db/sqlc/account.sql.go:116.3,116.27 1 1
github.com/taufiqDatau/core-banking/db/sqlc/account.sql.go:118.2,118.37 1 1
github.com/taufiqDatau/core-banking/db/sqlc/account.sql.go:118.37,120.3 1 0
github.com/taufiqDatau/core-banking/db/sqlc/account.sql.go:121.2,121.35 1 1
github.com/taufiqDatau/core-banking/db/sqlc/account.sql.go:121.35,123.3 1 0
github.com/taufiqDatau/core-banking/db/sqlc/account.sql.go:124.2,124.19 1 1
github.com/taufiqDatau/core-banking/db/sqlc/account.sql.go:139.118,149.2 4 1
github.com/taufiqDatau/core-banking/db/sqlc/db.go:19.28,21.2 1 1
github.com/taufiqDatau/core-banking/db/sqlc/db.go:27.47,31.2 1 0
github.com/taufiqDatau/core-banking/db/sqlc/entry.sql.go:19.81,29.2 4 0
github.com/taufiqDatau/core-banking/db/sqlc/entry.sql.go:47.112,54.16 2 0
github.com/taufiqDatau/core-banking/db/sqlc/entry.sql.go:54.16,56.3 1 0
github.com/taufiqDatau/core-banking/db/sqlc/entry.sql.go:57.2,59.18 3 0
github.com/taufiqDatau/core-banking/db/sqlc/entry.sql.go:59.18,66.17 2 0
github.com/taufiqDatau/core-banking/db/sqlc/entry.sql.go:66.17,68.4 1 0
github.com/taufiqDatau/core-banking/db/sqlc/entry.sql.go:69.3,69.27 1 0
github.com/taufiqDatau/core-banking/db/sqlc/entry.sql.go:71.2,71.37 1 0
github.com/taufiqDatau/core-banking/db/sqlc/entry.sql.go:71.37,73.3 1 0
github.com/taufiqDatau/core-banking/db/sqlc/entry.sql.go:74.2,74.35 1 0
github.com/taufiqDatau/core-banking/db/sqlc/entry.sql.go:74.35,76.3 1 0
github.com/taufiqDatau/core-banking/db/sqlc/entry.sql.go:77.2,77.19 1 0
github.com/taufiqDatau/core-banking/db/sqlc/entry.sql.go:96.96,106.2 4 0
github.com/taufiqDatau/core-banking/db/sqlc/entry.sql.go:120.90,130.2 4 0
github.com/taufiqDatau/core-banking/db/sqlc/transfer.sql.go:19.87,30.2 4 0
github.com/taufiqDatau/core-banking/db/sqlc/transfer.sql.go:48.119,55.16 2 0
github.com/taufiqDatau/core-banking/db/sqlc/transfer.sql.go:55.16,57.3 1 0
github.com/taufiqDatau/core-banking/db/sqlc/transfer.sql.go:58.2,60.18 3 0
github.com/taufiqDatau/core-banking/db/sqlc/transfer.sql.go:60.18,68.17 2 0
github.com/taufiqDatau/core-banking/db/sqlc/transfer.sql.go:68.17,70.4 1 0
github.com/taufiqDatau/core-banking/db/sqlc/transfer.sql.go:71.3,71.27 1 0
github.com/taufiqDatau/core-banking/db/sqlc/transfer.sql.go:73.2,73.37 1 0
github.com/taufiqDatau/core-banking/db/sqlc/transfer.sql.go:73.37,75.3 1 0
github.com/taufiqDatau/core-banking/db/sqlc/transfer.sql.go:76.2,76.35 1 0
github.com/taufiqDatau/core-banking/db/sqlc/transfer.sql.go:76.35,78.3 1 0
github.com/taufiqDatau/core-banking/db/sqlc/transfer.sql.go:79.2,79.19 1 0
github.com/taufiqDatau/core-banking/db/sqlc/transfer.sql.go:101.105,112.2 4 0
github.com/taufiqDatau/core-banking/db/sqlc/transfer.sql.go:126.111,137.2 4 0
github.com/taufiqDatau/core-banking/util/random.go:9.38,13.2 3 0
github.com/taufiqDatau/core-banking/util/random.go:15.45,22.2 4 1
github.com/taufiqDatau/core-banking/util/random.go:27.38,32.24 4 1
github.com/taufiqDatau/core-banking/util/random.go:32.24,34.3 1 1
github.com/taufiqDatau/core-banking/util/random.go:35.2,35.23 1 1
